7/3/2018 2:23:33 PM: User Definitely Someone has been created
7/3/2018 2:23:50 PM: User Definitely Someone has been updated
7/3/2018 2:25:08 PM: User Definitely Someone has been updated
7/3/2018 2:28:19 PM: User Definitely Someone has been updated
7/3/2018 2:28:36 PM: User Definitely Someone has been deleted
7/3/2018 3:13:29 PM: User Someone Definitely has been created
7/3/2018 3:17:06 PM: Role Test Role has been created
7/4/2018 9:26:24 AM: User Someone Someone has been created
7/17/2018 11:58:04 AM: Role Knight has been created
7/17/2018 12:15:49 PM: Role Knight has been updated
7/17/2018 12:17:23 PM: Role Another has been created
7/17/2018 12:17:33 PM: Role Another has been updated
7/17/2018 1:56:40 PM: Role Knight has been updated
7/17/2018 1:58:23 PM: Role Another has been updated
7/17/2018 1:59:57 PM: Role Knight has been updated
7/17/2018 2:00:11 PM: Role Another has been updated
7/18/2018 11:18:42 AM: Role Knight has been updated
7/18/2018 11:19:16 AM: Role Knight has been updated
7/18/2018 11:19:51 AM: Role Knight has been updated
7/18/2018 11:19:56 AM: Role Knight has been updated
7/18/2018 11:20:07 AM: Role Knight has been updated
7/18/2018 12:08:45 PM: Role Knight has been updated
7/18/2018 12:15:56 PM: Role Knight has been updated
7/18/2018 1:25:08 PM: Role New Role has been created
7/18/2018 1:26:04 PM: Role New Role has been created
7/18/2018 1:26:17 PM: Role New Role has been created
7/18/2018 1:31:38 PM: Role New Role has been created
7/18/2018 1:41:11 PM: Role jkhkh has been created
7/18/2018 1:51:17 PM: Role afwaf has been created
7/19/2018 8:58:51 AM: User Bryant Doe has been created
7/19/2018 9:00:11 AM: Role Test Role has been created
7/19/2018 9:01:16 AM: Role test again has been created
7/19/2018 9:02:44 AM: Role Yey has been created
7/19/2018 9:03:17 AM: Role Knight has been updated
7/19/2018 9:06:26 AM: Role Another has been deleted
7/19/2018 9:18:43 AM: User Jesse Pinkman has been created
7/19/2018 9:19:05 AM: User Jesse Pinkman has been updated
7/19/2018 9:19:22 AM: User Jesse Pinkman has been updated
7/19/2018 9:19:33 AM: User Jesse Pinkman has been deleted
